 
****************************************
Report : area
Design : IIR_filter_LA
Version: O-2018.06-SP4
Date   : Fri Nov 19 20:41:13 2021
****************************************

Library(s) Used:

    NangateOpenCellLibrary (File: /software/dk/nangate45/synopsys/NangateOpenCellLibrary_typical_ecsm_nowlm.db)

Number of ports:                         1004
Number of nets:                          3345
Number of cells:                         1908
Number of combinational cells:           1788
Number of sequential cells:                91
Number of macros/black boxes:               0
Number of buf/inv:                        182
Number of references:                      18

Combinational area:               3392.564013
Buf/Inv area:                      104.804000
Noncombinational area:             484.120016
Macro/Black Box area:                0.000000
Net Interconnect area:      undefined  (Wire load has zero net area)

Total cell area:                  3876.684029
Total area:                 undefined
1
