 
****************************************
Report : area
Design : IIR_filter
Version: O-2018.06-SP4
Date   : Fri Nov 19 20:20:52 2021
****************************************

Library(s) Used:

    NangateOpenCellLibrary (File: /software/dk/nangate45/synopsys/NangateOpenCellLibrary_typical_ecsm_nowlm.db)

Number of ports:                          695
Number of nets:                          2362
Number of cells:                         1368
Number of combinational cells:           1305
Number of sequential cells:                45
Number of macros/black boxes:               0
Number of buf/inv:                        134
Number of references:                      11

Combinational area:               2519.818011
Buf/Inv area:                       75.278000
Noncombinational area:             239.400008
Macro/Black Box area:                0.000000
Net Interconnect area:      undefined  (Wire load has zero net area)

Total cell area:                  2759.218018
Total area:                 undefined
1
