Information: Updating design information... (UID-85)
Information: Propagating switching activity (low effort zero delay simulation). (PWR-6)
Warning: There is no defined clock in the design. (PWR-80)
Warning: Design has unannotated primary inputs. (PWR-414)
 
****************************************
Report : power
        -analysis_effort low
Design : MUX_2_to_1_N32_1
Version: O-2018.06-SP4
Date   : Tue Feb  8 21:08:07 2022
****************************************


Library(s) Used:

    NangateOpenCellLibrary (File: /software/dk/nangate45/synopsys/NangateOpenCellLibrary_typical_ecsm_nowlm.db)


Operating Conditions: typical   Library: NangateOpenCellLibrary
Wire Load Model Mode: top

Design        Wire Load Model            Library
------------------------------------------------
MUX_2_to_1_N32_1       5K_hvratio_1_1    NangateOpenCellLibrary


Global Operating Voltage = 1.1  
Power-specific unit information :
    Voltage Units = 1V
    Capacitance Units = 1.000000ff
    Time Units = 1ns
    Dynamic Power Units = 1uW    (derived from V,C,T units)
    Leakage Power Units = 1nW


  Cell Internal Power  =  12.2560 uW   (73%)
  Net Switching Power  =   4.5780 uW   (27%)
                         ---------
Total Dynamic Power    =  16.8339 uW  (100%)

Cell Leakage Power     =   1.8111 uW

Information: report_power power group summary does not include estimated clock tree power. (PWR-789)

                 Internal         Switching           Leakage            Total
Power Group      Power            Power               Power              Power   (   %    )  Attrs
--------------------------------------------------------------------------------------------------
io_pad             0.0000            0.0000            0.0000            0.0000  (   0.00%)
memory             0.0000            0.0000            0.0000            0.0000  (   0.00%)
black_box          0.0000            0.0000            0.0000            0.0000  (   0.00%)
clock_network      0.0000            0.0000            0.0000            0.0000  (   0.00%)
register           0.0000            0.0000            0.0000            0.0000  (   0.00%)
sequential         0.0000            0.0000            0.0000            0.0000  (   0.00%)
combinational     12.2560            4.5780        1.8111e+03           18.6451  ( 100.00%)
--------------------------------------------------------------------------------------------------
Total             12.2560 uW         4.5780 uW     1.8111e+03 nW        18.6451 uW
1
