 
****************************************
Report : area
Design : FPmul
Version: O-2018.06-SP4
Date   : Wed Dec  1 00:52:16 2021
****************************************

Library(s) Used:

    NangateOpenCellLibrary (File: /software/dk/nangate45/synopsys/NangateOpenCellLibrary_typical_ecsm_nowlm.db)

Number of ports:                          175
Number of nets:                          6049
Number of cells:                         5705
Number of combinational cells:           5119
Number of sequential cells:               582
Number of macros/black boxes:               0
Number of buf/inv:                       1008
Number of references:                      44

Combinational area:               5765.017954
Buf/Inv area:                      567.378003
Noncombinational area:            2645.635906
Macro/Black Box area:                0.000000
Net Interconnect area:      undefined  (Wire load has zero net area)

Total cell area:                  8410.653860
Total area:                 undefined
1
