Information: Updating design information... (UID-85)
Warning: There are infeasible paths detected in your design that were ignored during optimization. Please run 'report_timing -attributes' and/or 'create_qor_snapshot/query_qor_snapshot -infeasible_paths' to identify these paths.  (OPT-1721)
 
****************************************
Report : timing
        -path full
        -delay max
        -max_paths 1
Design : FPmul
Version: O-2018.06-SP4
Date   : Wed Dec  1 00:52:16 2021
****************************************

Operating Conditions: typical   Library: NangateOpenCellLibrary
Wire Load Model Mode: top

  Startpoint: myCLOCK_r_REG14_S5
              (rising edge-triggered flip-flop clocked by myCLOCK)
  Endpoint: FP_Z[1] (output port clocked by myCLOCK)
  Path Group: myCLOCK
  Path Type: max

  Des/Clust/Port     Wire Load Model       Library
  ------------------------------------------------
  FPmul              5K_hvratio_1_1        NangateOpenCellLibrary

  Point                                    Incr       Path
  -----------------------------------------------------------
  clock myCLOCK (rise edge)                0.00       0.00
  clock network delay (ideal)              0.00       0.00
  myCLOCK_r_REG14_S5/CK (DFF_X1)           0.00       0.00 r
  myCLOCK_r_REG14_S5/Q (DFF_X1)            0.14       0.14 r
  U9636/ZN (NAND3_X1)                      0.04       0.19 f
  U4434/Z (BUF_X1)                         0.06       0.25 f
  U9639/ZN (OAI22_X1)                      0.07       0.32 r
  FP_Z[1] (out)                            0.02       0.34 r
  data arrival time                                   0.34

  clock myCLOCK (rise edge)                0.00       0.00
  clock network delay (ideal)              0.00       0.00
  clock uncertainty                       -0.07      -0.07
  output external delay                   -0.50      -0.57
  data required time                                 -0.57
  -----------------------------------------------------------
  data required time                                 -0.57
  data arrival time                                  -0.34
  -----------------------------------------------------------
  slack (VIOLATED)                                   -0.91


1
