 
****************************************
Report : area
Design : riscv
Version: O-2018.06-SP4
Date   : Tue Feb  8 19:39:34 2022
****************************************

Library(s) Used:

    NangateOpenCellLibrary (File: /software/dk/nangate45/synopsys/NangateOpenCellLibrary_typical_ecsm_nowlm.db)

Number of ports:                         4080
Number of nets:                         12632
Number of cells:                         8281
Number of combinational cells:           6821
Number of sequential cells:              1419
Number of macros/black boxes:               0
Number of buf/inv:                       1107
Number of references:                       5

Combinational area:               7591.374031
Buf/Inv area:                      783.103986
Noncombinational area:            7545.888242
Macro/Black Box area:                0.000000
Net Interconnect area:      undefined  (Wire load has zero net area)

Total cell area:                 15137.262273
Total area:                 undefined
1
